2025.11.09 20:24:20 INFO  Started: Metals version 1.6.3 in folders '/Users/chohyeonjun/Documents/software_design/Principles of Reactive Programming/assignments/nodescala/src/main/scala/nodescala' for client Visual Studio Code 1.85.1.
2025.11.09 20:24:20 WARN  Using H2 2.4.240 which is newer than the version Flyway has been verified with. The latest verified version of H2 is 2.3.232.
2025.11.09 20:24:20 INFO  no build target found for /Users/chohyeonjun/Documents/software_design/Principles of Reactive Programming/assignments/nodescala/src/main/scala/nodescala/nodescala.scala. Using presentation compiler with project's scala-library version: 3.3.6
2025.11.09 20:24:21 WARN  scala-cli >= 0.1.3 not found in PATH, fetching and starting a JVM-based Scala CLI
2025.11.09 20:24:21 ERROR Error downloading Dependency{module=Module(org.virtuslab.scala-cli, cli_3), version='1.9.1', exclusions=[], configuration='', publication=null, transitive=true, overrides={}}
coursierapi.error.SimpleResolutionError$1: Error downloading org.virtuslab.scala-cli:cli_3:1.9.1
  not found: /Users/chohyeonjun/.ivy2/local/org.virtuslab.scala-cli/cli_3/1.9.1/ivys/ivy.xml
  download error: Caught java.net.UnknownHostException (repo1.maven.org) while downloading https://repo1.maven.org/maven2/org/virtuslab/scala-cli/cli_3/1.9.1/cli_3-1.9.1.pom
  not found: /Users/chohyeonjun/.m2/repository/org/virtuslab/scala-cli/cli_3/1.9.1/cli_3-1.9.1.pom
  download error: Caught java.net.UnknownHostException (central.sonatype.com) while downloading https://central.sonatype.com/repository/maven-snapshots/org/virtuslab/scala-cli/cli_3/1.9.1/cli_3-1.9.1.pom
	at coursierapi.error.SimpleResolutionError.of(SimpleResolutionError.java:11)
	at coursierapi.shaded.coursier.internal.api.ApiHelper$.simpleResError(ApiHelper.scala:451)
	at coursierapi.shaded.coursier.internal.api.ApiHelper$.doFetch(ApiHelper.scala:495)
	at coursierapi.shaded.coursier.internal.api.ApiHelper.doFetch(ApiHelper.scala)
	at coursierapi.Fetch.fetchResult(Fetch.java:239)
	at coursierapi.Fetch.fetch(Fetch.java:234)
	at scala.meta.internal.metals.Embedded$.downloadDependency(Embedded.scala:432)
	at scala.meta.internal.metals.scalacli.ScalaCli$.scalaCliClassPath(ScalaCli.scala:296)
	at scala.meta.internal.metals.scalacli.ScalaCli$.jvmBased(ScalaCli.scala:321)
	at scala.meta.internal.metals.scalacli.ScalaCliServers.$anonfun$cliCommand$1(ScalaCliServers.scala:93)
	at scala.Option.getOrElse(Option.scala:201)
	at scala.meta.internal.metals.scalacli.ScalaCliServers.cliCommand$lzycompute(ScalaCliServers.scala:89)
	at scala.meta.internal.metals.scalacli.ScalaCliServers.cliCommand(ScalaCliServers.scala:88)
	at scala.meta.internal.metals.scalacli.ScalaCliServers.start(ScalaCliServers.scala:167)
	at scala.meta.internal.metals.scalacli.ScalaCliServers.$anonfun$setupIDE$5(ScalaCliServers.scala:84)
	at scala.Option.getOrElse(Option.scala:201)
	at scala.meta.internal.metals.scalacli.ScalaCliServers.setupIDE(ScalaCliServers.scala:84)
	at scala.meta.internal.metals.ProjectMetalsLspService.maybeSetupScalaCli(ProjectMetalsLspService.scala:348)
	at scala.meta.internal.metals.ProjectMetalsLspService.$anonfun$onInitialized$1(ProjectMetalsLspService.scala:359)
	at scala.meta.internal.metals.ConnectionProvider.withWillGenerateBspConfig(ConnectionProvider.scala:78)
	at scala.meta.internal.metals.ProjectMetalsLspService.onInitialized(ProjectMetalsLspService.scala:359)
	at scala.meta.internal.metals.MetalsLspService.$anonfun$initialized$1(MetalsLspService.scala:683)
	at scala.concurrent.impl.Promise$Transformation.run(Promise.scala:503)
	at java.util.concurrent.ThreadPoolExecutor.runWorker(ThreadPoolExecutor.java:1136)
	at java.util.concurrent.ThreadPoolExecutor$Worker.run(ThreadPoolExecutor.java:635)
	at java.lang.Thread.run(Thread.java:840)

2025.11.09 20:24:21 INFO  Found coursier in path under /Users/chohyeonjun/.metals/cs, using it to fetch dependency
2025.11.09 20:24:21 ERROR Downloading https://repo1.maven.org/maven2/org/virtuslab/scala-cli/cli_3/1.9.1/cli_3-1.9.1.pom
2025.11.09 20:24:21 ERROR Downloaded https://repo1.maven.org/maven2/org/virtuslab/scala-cli/cli_3/1.9.1/cli_3-1.9.1.pom
2025.11.09 20:24:21 ERROR Downloading https://repo1.maven.org/maven2/org/virtuslab/scala-cli/cli_3/1.9.1/cli_3-1.9.1.pom.sha1
2025.11.09 20:24:21 ERROR Downloaded https://repo1.maven.org/maven2/org/virtuslab/scala-cli/cli_3/1.9.1/cli_3-1.9.1.pom.sha1
2025.11.09 20:24:21 ERROR Resolution error: Error downloading org.virtuslab.scala-cli:cli_3:1.9.1
2025.11.09 20:24:21 ERROR   not found: /Users/chohyeonjun/.ivy2/local/org.virtuslab.scala-cli/cli_3/1.9.1/ivys/ivy.xml
2025.11.09 20:24:21 ERROR   download error: Caught java.net.UnknownHostException (repo1.maven.org) while downloading https://repo1.maven.org/maven2/org/virtuslab/scala-cli/cli_3/1.9.1/cli_3-1.9.1.pom
2025.11.09 20:24:21 ERROR Unexpected error initializing server: 
coursierapi.error.SimpleResolutionError$1: Error downloading org.virtuslab.scala-cli:cli_3:1.9.1
  not found: /Users/chohyeonjun/.ivy2/local/org.virtuslab.scala-cli/cli_3/1.9.1/ivys/ivy.xml
  download error: Caught java.net.UnknownHostException (repo1.maven.org) while downloading https://repo1.maven.org/maven2/org/virtuslab/scala-cli/cli_3/1.9.1/cli_3-1.9.1.pom
  not found: /Users/chohyeonjun/.m2/repository/org/virtuslab/scala-cli/cli_3/1.9.1/cli_3-1.9.1.pom
  download error: Caught java.net.UnknownHostException (central.sonatype.com) while downloading https://central.sonatype.com/repository/maven-snapshots/org/virtuslab/scala-cli/cli_3/1.9.1/cli_3-1.9.1.pom
	at coursierapi.error.SimpleResolutionError.of(SimpleResolutionError.java:11)
	at coursierapi.shaded.coursier.internal.api.ApiHelper$.simpleResError(ApiHelper.scala:451)
	at coursierapi.shaded.coursier.internal.api.ApiHelper$.doFetch(ApiHelper.scala:495)
	at coursierapi.shaded.coursier.internal.api.ApiHelper.doFetch(ApiHelper.scala)
	at coursierapi.Fetch.fetchResult(Fetch.java:239)
	at coursierapi.Fetch.fetch(Fetch.java:234)
	at scala.meta.internal.metals.Embedded$.downloadDependency(Embedded.scala:432)
	at scala.meta.internal.metals.scalacli.ScalaCli$.scalaCliClassPath(ScalaCli.scala:296)
	at scala.meta.internal.metals.scalacli.ScalaCli$.jvmBased(ScalaCli.scala:321)
	at scala.meta.internal.metals.scalacli.ScalaCliServers.$anonfun$cliCommand$1(ScalaCliServers.scala:93)
	at scala.Option.getOrElse(Option.scala:201)
	at scala.meta.internal.metals.scalacli.ScalaCliServers.cliCommand$lzycompute(ScalaCliServers.scala:89)
	at scala.meta.internal.metals.scalacli.ScalaCliServers.cliCommand(ScalaCliServers.scala:88)
	at scala.meta.internal.metals.scalacli.ScalaCliServers.start(ScalaCliServers.scala:167)
	at scala.meta.internal.metals.scalacli.ScalaCliServers.$anonfun$setupIDE$5(ScalaCliServers.scala:84)
	at scala.Option.getOrElse(Option.scala:201)
	at scala.meta.internal.metals.scalacli.ScalaCliServers.setupIDE(ScalaCliServers.scala:84)
	at scala.meta.internal.metals.ProjectMetalsLspService.maybeSetupScalaCli(ProjectMetalsLspService.scala:348)
	at scala.meta.internal.metals.ProjectMetalsLspService.$anonfun$onInitialized$1(ProjectMetalsLspService.scala:359)
	at scala.meta.internal.metals.ConnectionProvider.withWillGenerateBspConfig(ConnectionProvider.scala:78)
	at scala.meta.internal.metals.ProjectMetalsLspService.onInitialized(ProjectMetalsLspService.scala:359)
	at scala.meta.internal.metals.MetalsLspService.$anonfun$initialized$1(MetalsLspService.scala:683)
	at scala.concurrent.impl.Promise$Transformation.run(Promise.scala:503)
	at java.util.concurrent.ThreadPoolExecutor.runWorker(ThreadPoolExecutor.java:1136)
	at java.util.concurrent.ThreadPoolExecutor$Worker.run(ThreadPoolExecutor.java:635)
	at java.lang.Thread.run(Thread.java:840)

2025.11.09 20:24:21 INFO  no build target found for /Users/chohyeonjun/Documents/software_design/Principles of Reactive Programming/assignments/nodescala/src/main/scala/nodescala/nodescala.scala. Using presentation compiler with project's scala-library version: 3.3.6
11월 09, 2025 8:24:21 오후 org.eclipse.lsp4j.jsonrpc.RemoteEndpoint handleCancellation
경고: Unmatched cancel notification for request id 1
11월 09, 2025 8:24:21 오후 org.eclipse.lsp4j.jsonrpc.RemoteEndpoint handleCancellation
경고: Unmatched cancel notification for request id 3
11월 09, 2025 8:24:21 오후 org.eclipse.lsp4j.jsonrpc.RemoteEndpoint handleCancellation
경고: Unmatched cancel notification for request id 2
2025.11.09 20:24:20 INFO  no build target found for /Users/chohyeonjun/Documents/software_design/Principles of Reactive Programming/assignments/nodescala/src/main/scala/nodescala/nodescala.scala. Using presentation compiler with project's scala-library version: 3.3.6
11월 09, 2025 8:24:21 오후 org.eclipse.lsp4j.jsonrpc.RemoteEndpoint handleCancellation
경고: Unmatched cancel notification for request id 6
2025.11.09 20:24:20 INFO  no build target found for /Users/chohyeonjun/Documents/software_design/Principles of Reactive Programming/assignments/nodescala/src/main/scala/nodescala/Main.scala. Using presentation compiler with project's scala-library version: 3.3.6
2025.11.09 20:24:21 INFO  no build target found for /Users/chohyeonjun/Documents/software_design/Principles of Reactive Programming/assignments/nodescala/src/main/scala/nodescala/Main.scala. Using presentation compiler with project's scala-library version: 3.3.6
2025.11.09 20:24:25 INFO  no build target found for /Users/chohyeonjun/Documents/software_design/Principles of Reactive Programming/assignments/nodescala/src/main/scala/nodescala/Main.scala. Using presentation compiler with project's scala-library version: 3.3.6
2025.11.09 20:24:39 INFO  Shutting down server
2025.11.09 20:24:39 INFO  shutting down Metals
2025.11.09 20:24:39 INFO  Exiting server
